<?xml version="1.0" encoding="UTF-8"?>
<!-- Generated by org.testng.reporters.JUnitReportReporter -->
<testsuite skipped="0" hostname="DESKTOP-Q7N8IA6" name="scripts.LoginTest" tests="2" failures="0" timestamp="2020-12-01T21:27:57 IST" time="46.910" errors="0">
  <testcase name="invalidLoginTest" time="33.804" classname="scripts.LoginTest"/>
  <testcase name="loginTest" time="13.106" classname="scripts.LoginTest"/>
</testsuite> <!-- scripts.LoginTest -->
